<?xml version="1.0" encoding="UTF-8"?>
<!-- Generated by org.testng.reporters.JUnitReportReporter -->
<testsuite hostname="LAPTOP-3RVOSM2P" failures="0" tests="1" name="JavaPackage.Assertion4" time="0.070" errors="0" timestamp="2022-09-07T15:13:57 IST" skipped="0">
  <testcase classname="JavaPackage.Assertion4" name="testcase5" time="0.070"/>
  <system-out/>
</testsuite> <!-- JavaPackage.Assertion4 -->
