<?xml version="1.0" encoding="UTF-8"?>
<!-- Generated by org.testng.reporters.JUnitReportReporter -->
<testsuite hostname="LAPTOP-3RVOSM2P" failures="0" tests="1" name="JavaPackage.Assertion1" time="67.597" errors="0" timestamp="2022-09-07T14:57:42 IST" skipped="0">
  <testcase classname="JavaPackage.Assertion1" name="TestCase" time="67.597"/>
  <system-out/>
</testsuite> <!-- JavaPackage.Assertion1 -->
