<?xml version="1.0" encoding="UTF-8"?>
<!-- Generated by org.testng.reporters.JUnitReportReporter -->
<testsuite hostname="LAPTOP-3RVOSM2P" failures="0" tests="1" name="JavaPackage.TestNG2" time="0.004" errors="0" timestamp="2022-09-05T21:36:54 IST" skipped="0">
  <testcase classname="JavaPackage.TestNG2" name="assertionCheck" time="0.004"/>
  <system-out/>
</testsuite> <!-- JavaPackage.TestNG2 -->
