<?xml version="1.0" encoding="UTF-8"?>
<!-- Generated by org.testng.reporters.JUnitReportReporter -->
<testsuite hostname="LAPTOP-3RVOSM2P" failures="0" tests="1" name="com.facebook.tests.LoginTest" time="27.263" errors="0" timestamp="2022-09-20T22:17:18 IST" skipped="0">
  <testcase classname="com.facebook.tests.LoginTest" name="loginTest" time="27.263"/>
  <system-out/>
</testsuite> <!-- com.facebook.tests.LoginTest -->
