<?xml version="1.0" encoding="UTF-8"?>
<!-- Generated by org.testng.reporters.JUnitReportReporter -->
<testsuite hostname="LAPTOP-3RVOSM2P" failures="0" tests="1" name="JavaPackage.TestNG" time="0.022" errors="0" timestamp="2022-09-05T21:36:55 IST" skipped="0">
  <testcase classname="JavaPackage.TestNG" name="a" time="0.022"/>
  <system-out/>
</testsuite> <!-- JavaPackage.TestNG -->
