<?xml version="1.0" encoding="UTF-8"?>
<!-- Generated by org.testng.reporters.JUnitReportReporter -->
<testsuite hostname="LAPTOP-3RVOSM2P" failures="0" tests="4" name="JavaPackage.TestNG5" time="0.037" errors="0" timestamp="2022-09-05T21:36:55 IST" skipped="2">
  <testcase classname="JavaPackage.TestNG5" name="c" time="0.022"/>
  <system-out/>
  <testcase classname="JavaPackage.TestNG5" name="c" time="0.008"/>
  <system-out/>
  <testcase classname="JavaPackage.TestNG5" name="e" time="0.007">
    <skipped/>
  </testcase> <!-- e -->
  <system-out/>
  <testcase classname="JavaPackage.TestNG5" name="b">
    <skipped/>
  </testcase> <!-- b -->
  <system-out/>
</testsuite> <!-- JavaPackage.TestNG5 -->
