<?xml version="1.0" encoding="UTF-8"?>
<!-- Generated by org.testng.reporters.JUnitReportReporter -->
<testsuite hostname="LAPTOP-3RVOSM2P" failures="0" tests="8" name="JavaPackage.TestNG4" time="0.066" errors="0" timestamp="2022-09-05T21:36:55 IST" skipped="0">
  <testcase classname="JavaPackage.TestNG4" name="b" time="0.008"/>
  <system-out/>
  <testcase classname="JavaPackage.TestNG4" name="a" time="0.007"/>
  <system-out/>
  <testcase classname="JavaPackage.TestNG4" name="z" time="0.004"/>
  <system-out/>
  <testcase classname="JavaPackage.TestNG4" name="s" time="0.006"/>
  <system-out/>
  <testcase classname="JavaPackage.TestNG4" name="e" time="0.003"/>
  <system-out/>
  <testcase classname="JavaPackage.TestNG4" name="a3" time="0.011"/>
  <system-out/>
  <testcase classname="JavaPackage.TestNG4" name="f" time="0.005"/>
  <system-out/>
  <testcase classname="JavaPackage.TestNG4" name="d" time="0.022"/>
  <system-out/>
</testsuite> <!-- JavaPackage.TestNG4 -->
