<?xml version="1.0" encoding="UTF-8"?>
<!-- Generated by org.testng.reporters.JUnitReportReporter -->
<testsuite hostname="LAPTOP-3RVOSM2P" failures="0" tests="1" name="JavaPackage.Assertion3" time="0.063" errors="0" timestamp="2022-09-07T15:10:44 IST" skipped="0">
  <testcase classname="JavaPackage.Assertion3" name="testcase4" time="0.063"/>
  <system-out/>
</testsuite> <!-- JavaPackage.Assertion3 -->
