<?xml version="1.0" encoding="UTF-8"?>
<!-- Generated by org.testng.reporters.JUnitReportReporter -->
<testsuite hostname="LAPTOP-3RVOSM2P" failures="0" tests="4" name="JavaPackage.TestNG3" time="0.037" errors="0" timestamp="2022-09-05T21:36:55 IST" skipped="0">
  <testcase classname="JavaPackage.TestNG3" name="a3" time="0.011"/>
  <system-out/>
  <testcase classname="JavaPackage.TestNG3" name="z" time="0.011"/>
  <system-out/>
  <testcase classname="JavaPackage.TestNG3" name="ab" time="0.007"/>
  <system-out/>
  <testcase classname="JavaPackage.TestNG3" name="a1" time="0.008"/>
  <system-out/>
</testsuite> <!-- JavaPackage.TestNG3 -->
