<?xml version="1.0" encoding="UTF-8"?>
<!-- Generated by org.testng.reporters.JUnitReportReporter -->
<testsuite hostname="LAPTOP-3RVOSM2P" failures="0" tests="4" name="JavaPackage.TestNG6" time="0.043" errors="0" timestamp="2022-09-05T21:36:55 IST" skipped="1">
  <testcase classname="JavaPackage.TestNG6" name="c" time="0.024"/>
  <system-out/>
  <testcase classname="JavaPackage.TestNG6" name="c" time="0.009"/>
  <system-out/>
  <testcase classname="JavaPackage.TestNG6" name="a" time="0.010"/>
  <system-out/>
  <testcase classname="JavaPackage.TestNG6" name="b">
    <skipped/>
  </testcase> <!-- b -->
  <system-out/>
</testsuite> <!-- JavaPackage.TestNG6 -->
